This is pdfTeX, Version 3.14159265-2.6-1.40.17 (TeX Live 2016) (preloaded format=pdflatex 2016.12.15)  15 DEC 2016 12:15
entering extended mode
 restricted \write18 enabled.
 file:line:error style messages enabled.
 %&-line parsing enabled.
**Example.tex
(./Example.tex
LaTeX2e <2016/03/31>
Babel <3.9r> and hyphenation patterns for 22 language(s) loaded.
(/usr/local/texlive/2016basic/texmf-dist/tex/latex/revtex/revtex4-1.cls
Document Class: revtex4-1 2010/07/25/20:33:00 4.1r (http://publish.aps.org/revt
ex4/ for documentation)
 Copyright (c) 2009 The American Physical Society.
 mailto:revtex@aps.org
 Licensed under the LPPL:
http://www.ctan.org/tex-archive/macros/latex/base/lppl.txt
 Arthur Ogawa <arthur_ogawa at sbcglobal dot net>
 Based on work by David Carlisle <david at dcarlisle.demon.co.uk>.
ltxutil[2010/07/25/20:33:00 4.1r utilities package (portions licensed from W. E
. Baxter web at superscript.com)]
LaTeX Info: Redefining \@centercr on input line 308.
Class revtex4-1 Info: Repairing broken LaTeX eqnarray on input line 358.
\eqncolsep=\skip41
Class revtex4-1 Info: Repairing hyperref-unfriendly LaTeX definition of \mpfoot
note on input line 433.
Class revtex4-1 Info: Repairing broken LateX \@sect on input line 755.
\intertabularlinepenalty=\count79
\@tbpen=\count80
\@arstrutbox@hline=\box26
Class revtex4-1 Info: Repairing broken LaTeX \@xbitor on input line 1786.
Class revtex4-1 Info: Making \typeout \long on input line 2046.
ltxfront[2010/07/25/20:33:00 4.1r frontmatter package (AO,DPC)]
\c@affil=\count81
\c@collab=\count82
\absbox=\box27
ltxgrid[2010/07/25/20:33:00 4.1r page grid package (portions licensed from W. E
. Baxter web at superscript.com)]
\c@linecount=\count83
\output@latex=\toks14
\box@size@1=\box28
\box@size@2=\box29
\@protection@box=\box30
\@topmark@saved=\toks15
\footins@saved=\box31
\footins@recovered=\box32
\column@recovered=\box33
\pagesofar=\box34
\footsofar=\box35
\pagegrid@col=\count84
Class revtex4-1 Info: Overriding \@vspace, \@vspacer, \@no@pgbk, \@newline, and
 \\  on input line 5578.
\c@part=\count85
\c@section=\count86
\c@subsection=\count87
\c@subsubsection=\count88
\c@paragraph=\count89
\c@subparagraph=\count90
\abovecaptionskip=\skip42
\belowcaptionskip=\skip43
\c@figure=\count91
\fbox@1=\box36
\c@table=\count92
\fbox@2=\box37
\c@video=\count93
\fbox@4=\box38
\@bibdataout=\write3
\widetext@top=\box39
\widetext@bot=\box40

Class revtex4-1 Warning: No Society specified, using default society aps.

(/usr/local/texlive/2016basic/texmf-dist/tex/latex/revtex/aps4-1.rtx
File: aps4-1 2010/07/25/20:33:00 4.1r (http://publish.aps.org/revtex4/ for docu
mentation)
Class revtex4-1 Info: RevTeX society APS selected on input line 31.
)

Class revtex4-1 Warning: No journal specified, using default pra.

Class revtex4-1 Info: APS journal PRA selected on input line 7545.

Class revtex4-1 Warning: No type size specified, using default 10.

(/usr/local/texlive/2016basic/texmf-dist/tex/latex/revtex/aps10pt4-1.rtx
File: aps10pt4-1 2010/07/25/20:33:00 4.1r (http://publish.aps.org/revtex4/ for 
documentation)
Class revtex4-1 Info: RevTeX pointsize 10pt selected on input line 30.
)
(/usr/local/texlive/2016basic/texmf-dist/tex/latex/textcase/textcase.sty
Package: textcase 2004/10/07 v0.07 Text only upper/lower case changing (DPC)
)
(/usr/local/texlive/2016basic/texmf-dist/tex/latex/url/url.sty
\Urlmuskip=\muskip10
Package: url 2013/09/16  ver 3.4  Verb mode for urls, etc.
)
(/usr/local/texlive/2016basic/texmf-dist/tex/latex/natbib/natbib.sty
Package: natbib 2010/09/13 8.31b (PWD, AO)
\bibhang=\skip44
\bibsep=\skip45
LaTeX Info: Redefining \cite on input line 694.
\c@NAT@ctr=\count94
)
Class revtex4-1 Info: Repairing natbib's \BibitemShut on input line 7549.

(/usr/local/texlive/2016basic/texmf-dist/tex/latex/revtex/revsymb4-1.sty
Package: revsymb4-1 2010/07/25/20:33:00 4.1r (http://publish.aps.org/revtex4/ f
or documentation)
LaTeX Info: Redefining \REV@mathfrak on input line 119.
))
(/usr/local/texlive/2016basic/texmf-dist/tex/latex/graphics/color.sty
Package: color 2016/07/10 v1.1e Standard LaTeX Color (DPC)

(/usr/local/texlive/2016basic/texmf-dist/tex/latex/graphics-cfg/color.cfg
File: color.cfg 2016/01/02 v1.6 sample color configuration
)
Package color Info: Driver file: pdftex.def on input line 147.

(/usr/local/texlive/2016basic/texmf-dist/tex/latex/graphics-def/pdftex.def
File: pdftex.def 2016/07/10 v0.06j Graphics/color for pdfTeX

(/usr/local/texlive/2016basic/texmf-dist/tex/generic/oberdiek/infwarerr.sty
Package: infwarerr 2016/05/16 v1.4 Providing info/warning/error messages (HO)
)
(/usr/local/texlive/2016basic/texmf-dist/tex/generic/oberdiek/ltxcmds.sty
Package: ltxcmds 2016/05/16 v1.23 LaTeX kernel commands for general use (HO)
)
\Gread@gobject=\count95
))
(/usr/local/texlive/2016basic/texmf-dist/tex/latex/graphics/graphicx.sty
Package: graphicx 2014/10/28 v1.0g Enhanced LaTeX Graphics (DPC,SPQR)

(/usr/local/texlive/2016basic/texmf-dist/tex/latex/graphics/keyval.sty
Package: keyval 2014/10/28 v1.15 key=value parser (DPC)
\KV@toks@=\toks16
)
(/usr/local/texlive/2016basic/texmf-dist/tex/latex/graphics/graphics.sty
Package: graphics 2016/07/10 v1.0t Standard LaTeX Graphics (DPC,SPQR)

(/usr/local/texlive/2016basic/texmf-dist/tex/latex/graphics/trig.sty
Package: trig 2016/01/03 v1.10 sin cos tan (DPC)
)
(/usr/local/texlive/2016basic/texmf-dist/tex/latex/graphics-cfg/graphics.cfg
File: graphics.cfg 2016/06/04 v1.11 sample graphics configuration
)
Package graphics Info: Driver file: pdftex.def on input line 99.
)
\Gin@req@height=\dimen102
\Gin@req@width=\dimen103
)
Class revtex4-1 Info: Patching LaTeX tabular. on input line 21.
Class revtex4-1 Info: Robustifying \LaTeX's \boldmath command on input line 21.

Class revtex4-1 Info: cite was not loaded (OK!) on input line 21.
Class revtex4-1 Info: mcite was not loaded (OK!) on input line 21.
Class revtex4-1 Info: multicol was not loaded (OK!) on input line 21.
(./Example.aux)
\openout1 = `Example.aux'.

LaTeX Font Info:    Checking defaults for OML/cmm/m/it on input line 21.
LaTeX Font Info:    ... okay on input line 21.
LaTeX Font Info:    Checking defaults for T1/cmr/m/n on input line 21.
LaTeX Font Info:    ... okay on input line 21.
LaTeX Font Info:    Checking defaults for OT1/cmr/m/n on input line 21.
LaTeX Font Info:    ... okay on input line 21.
LaTeX Font Info:    Checking defaults for OMS/cmsy/m/n on input line 21.
LaTeX Font Info:    ... okay on input line 21.
LaTeX Font Info:    Checking defaults for OMX/cmex/m/n on input line 21.
LaTeX Font Info:    ... okay on input line 21.
LaTeX Font Info:    Checking defaults for U/cmr/m/n on input line 21.
LaTeX Font Info:    ... okay on input line 21.

(/usr/local/texlive/2016basic/texmf-dist/tex/context/base/mkii/supp-pdf.mkii
[Loading MPS to PDF converter (version 2006.09.02).]
\scratchcounter=\count96
\scratchdimen=\dimen104
\scratchbox=\box41
\nofMPsegments=\count97
\nofMParguments=\count98
\everyMPshowfont=\toks17
\MPscratchCnt=\count99
\MPscratchDim=\dimen105
\MPnumerator=\count100
\makeMPintoPDFobject=\count101
\everyMPtoPDFconversion=\toks18
) (/usr/local/texlive/2016basic/texmf-dist/tex/generic/oberdiek/pdftexcmds.sty
Package: pdftexcmds 2016/05/21 v0.22 Utility functions of pdfTeX for LuaTeX (HO
)

(/usr/local/texlive/2016basic/texmf-dist/tex/generic/oberdiek/ifluatex.sty
Package: ifluatex 2016/05/16 v1.4 Provides the ifluatex switch (HO)
Package ifluatex Info: LuaTeX not detected.
)
(/usr/local/texlive/2016basic/texmf-dist/tex/generic/oberdiek/ifpdf.sty
Package: ifpdf 2016/05/14 v3.1 Provides the ifpdf switch
)
Package pdftexcmds Info: LuaTeX not detected.
Package pdftexcmds Info: \pdf@primitive is available.
Package pdftexcmds Info: \pdf@ifprimitive is available.
Package pdftexcmds Info: \pdfdraftmode found.
)
(/usr/local/texlive/2016basic/texmf-dist/tex/latex/oberdiek/epstopdf-base.sty
Package: epstopdf-base 2016/05/15 v2.6 Base part for package epstopdf

(/usr/local/texlive/2016basic/texmf-dist/tex/latex/oberdiek/grfext.sty
Package: grfext 2016/05/16 v1.2 Manage graphics extensions (HO)

(/usr/local/texlive/2016basic/texmf-dist/tex/generic/oberdiek/kvdefinekeys.sty
Package: kvdefinekeys 2016/05/16 v1.4 Define keys (HO)
)) (/usr/local/texlive/2016basic/texmf-dist/tex/latex/oberdiek/kvoptions.sty
Package: kvoptions 2016/05/16 v3.12 Key value format for package options (HO)

(/usr/local/texlive/2016basic/texmf-dist/tex/generic/oberdiek/kvsetkeys.sty
Package: kvsetkeys 2016/05/16 v1.17 Key value parser (HO)

(/usr/local/texlive/2016basic/texmf-dist/tex/generic/oberdiek/etexcmds.sty
Package: etexcmds 2016/05/16 v1.6 Avoid name clashes with e-TeX commands (HO)
Package etexcmds Info: Could not find \expanded.
(etexcmds)             That can mean that you are not using pdfTeX 1.50 or
(etexcmds)             that some package has redefined \expanded.
(etexcmds)             In the latter case, load this package earlier.
)))
Package epstopdf-base Info: Redefining graphics rule for `.eps' on input line 4
38.
Package grfext Info: Graphics extension search list:
(grfext)             [.png,.pdf,.jpg,.mps,.jpeg,.jbig2,.jb2,.PNG,.PDF,.JPG,.JPE
G,.JBIG2,.JB2,.eps]
(grfext)             \AppendGraphicsExtensions on input line 456.

(/usr/local/texlive/2016basic/texmf-dist/tex/latex/latexconfig/epstopdf-sys.cfg
File: epstopdf-sys.cfg 2010/07/13 v1.3 Configuration of (r)epstopdf for TeX Liv
e
))
\openout3 = `ExampleNotes.bib'.



Class revtex4-1 Warning: Assuming \noaffiliation for authors.

[1{/usr/local/texlive/2016basic/texmf-var/fonts/map/pdftex/updmap/pdftex.map}]
(./Example.toc
Overfull \hbox (12.2778pt too wide) detected at line 1
 \OT1/cmr/m/n/10 1.
 []


Overfull \hbox (5.00002pt too wide) detected at line 1
 \OT1/cmr/m/n/10 2
 []


Overfull \hbox (12.2778pt too wide) detected at line 2
 \OT1/cmr/m/n/10 2.
 []


Overfull \hbox (5.00002pt too wide) detected at line 2
 \OT1/cmr/m/n/10 2
 []


Overfull \hbox (12.2778pt too wide) detected at line 3
 \OT1/cmr/m/n/10 3.
 []


Overfull \hbox (5.00002pt too wide) detected at line 3
 \OT1/cmr/m/n/10 3
 []


Overfull \hbox (12.2778pt too wide) detected at line 4
 \OT1/cmr/m/n/10 4.
 []


Overfull \hbox (5.00002pt too wide) detected at line 4
 \OT1/cmr/m/n/10 4
 []


Overfull \hbox (20.0556pt too wide) detected at line 5
 \OT1/cmr/m/n/10 4.1.
 []


Overfull \hbox (5.00002pt too wide) detected at line 5
 \OT1/cmr/m/n/10 4
 []


Overfull \hbox (20.0556pt too wide) detected at line 6
 \OT1/cmr/m/n/10 4.2.
 []


Overfull \hbox (5.00002pt too wide) detected at line 6
 \OT1/cmr/m/n/10 4
 []


Overfull \hbox (20.0556pt too wide) detected at line 7
 \OT1/cmr/m/n/10 4.3.
 []


Overfull \hbox (5.00002pt too wide) detected at line 7
 \OT1/cmr/m/n/10 4
 []


Overfull \hbox (20.0556pt too wide) detected at line 8
 \OT1/cmr/m/n/10 4.4.
 []


Overfull \hbox (5.00002pt too wide) detected at line 8
 \OT1/cmr/m/n/10 5
 []


Overfull \hbox (20.0556pt too wide) detected at line 9
 \OT1/cmr/m/n/10 4.5.
 []


Overfull \hbox (5.00002pt too wide) detected at line 9
 \OT1/cmr/m/n/10 5
 []


Overfull \hbox (20.0556pt too wide) detected at line 10
 \OT1/cmr/m/n/10 4.6.
 []


Overfull \hbox (5.00002pt too wide) detected at line 10
 \OT1/cmr/m/n/10 6
 []


Overfull \hbox (20.0556pt too wide) detected at line 11
 \OT1/cmr/m/n/10 4.7.
 []


Overfull \hbox (5.00002pt too wide) detected at line 11
 \OT1/cmr/m/n/10 7
 []


Overfull \hbox (20.0556pt too wide) detected at line 12
 \OT1/cmr/m/n/10 4.8.
 []


Overfull \hbox (5.00002pt too wide) detected at line 12
 \OT1/cmr/m/n/10 7
 []


Overfull \hbox (20.0556pt too wide) detected at line 13
 \OT1/cmr/m/n/10 4.9.
 []


Overfull \hbox (5.00002pt too wide) detected at line 13
 \OT1/cmr/m/n/10 7
 []


Overfull \hbox (25.05562pt too wide) detected at line 14
 \OT1/cmr/m/n/10 4.10.
 []


Overfull \hbox (5.00002pt too wide) detected at line 14
 \OT1/cmr/m/n/10 7
 []


Overfull \hbox (25.05562pt too wide) detected at line 15
 \OT1/cmr/m/n/10 4.11.
 []


Overfull \hbox (5.00002pt too wide) detected at line 15
 \OT1/cmr/m/n/10 8
 []


Overfull \hbox (25.05562pt too wide) detected at line 16
 \OT1/cmr/m/n/10 4.12.
 []


Overfull \hbox (5.00002pt too wide) detected at line 16
 \OT1/cmr/m/n/10 8
 []


Overfull \hbox (12.2778pt too wide) detected at line 17
 \OT1/cmr/m/n/10 5.
 []


Overfull \hbox (5.00002pt too wide) detected at line 17
 \OT1/cmr/m/n/10 8
 []


Overfull \hbox (20.0556pt too wide) detected at line 18
 \OT1/cmr/m/n/10 5.1.
 []


Overfull \hbox (5.00002pt too wide) detected at line 18
 \OT1/cmr/m/n/10 8
 []


Overfull \hbox (20.0556pt too wide) detected at line 19
 \OT1/cmr/m/n/10 5.2.
 []


Overfull \hbox (5.00002pt too wide) detected at line 19
 \OT1/cmr/m/n/10 9
 []


Overfull \hbox (12.2778pt too wide) detected at line 20
 \OT1/cmr/m/n/10 6.
 []


Overfull \hbox (5.00002pt too wide) detected at line 20
 \OT1/cmr/m/n/10 9
 []


Overfull \hbox (20.0556pt too wide) detected at line 21
 \OT1/cmr/m/n/10 6.1.
 []


Overfull \hbox (5.00002pt too wide) detected at line 21
 \OT1/cmr/m/n/10 9
 []


Overfull \hbox (20.0556pt too wide) detected at line 22
 \OT1/cmr/m/n/10 6.2.
 []


Overfull \hbox (5.00002pt too wide) detected at line 22
 \OT1/cmr/m/n/10 9
 []


Overfull \hbox (20.0556pt too wide) detected at line 23
 \OT1/cmr/m/n/10 6.3.
 []


Overfull \hbox (5.00002pt too wide) detected at line 23
 \OT1/cmr/m/n/10 9
 []


Overfull \hbox (20.0556pt too wide) detected at line 24
 \OT1/cmr/m/n/10 6.4.
 []


Overfull \hbox (10.00003pt too wide) detected at line 24
 \OT1/cmr/m/n/10 10
 []


Overfull \hbox (12.2778pt too wide) detected at line 25
 \OT1/cmr/m/n/10 7.
 []


Overfull \hbox (10.00003pt too wide) detected at line 25
 \OT1/cmr/m/n/10 10
 []


Overfull \hbox (12.2778pt too wide) detected at line 26
 \OT1/cmr/m/n/10 8.
 []


Overfull \hbox (10.00003pt too wide) detected at line 26
 \OT1/cmr/m/n/10 10
 []

)
\tf@toc=\write4
\openout4 = `Example.toc'.

 [2] [3] [4]
LaTeX Font Info:    Try loading font information for OMS+cmr on input line 244.

 (/usr/local/texlive/2016basic/texmf-dist/tex/latex/base/omscmr.fd
File: omscmr.fd 2014/09/29 v2.5h Standard LaTeX font definitions
)
LaTeX Font Info:    Font shape `OMS/cmr/m/n' in size <10> not available
(Font)              Font shape `OMS/cmsy/m/n' tried instead on input line 244.
 [5]
Overfull \hbox (149.33273pt too wide) in paragraph at lines 366--366
[]\OT1/cmtt/m/n/10 As you learned in the first article, in LaTeX\index{LaTeX}, 
you can manage your bibliographic citations using BibTeX\index{BibTeX}.[] 
 []

[6] [7] [8]
LaTeX Font Info:    External font `cmex10' loaded for size
(Font)              <7> on input line 598.
LaTeX Font Info:    External font `cmex10' loaded for size
(Font)              <5> on input line 598.
 [9] [10]
No file Example.bbl.
[11] (./Example.aux)

LaTeX Warning: Label(s) may have changed. Rerun to get cross-references right .


 ) 
Here is how much of TeX's memory you used:
 3539 strings out of 494447
 48878 string characters out of 6166765
 124706 words of memory out of 5000000
 6856 multiletter control sequences out of 15000+600000
 5673 words of font info for 21 fonts, out of 8000000 for 9000
 319 hyphenation exceptions out of 8191
 40i,6n,25p,233b,261s stack positions out of 5000i,500n,10000p,200000b,80000s
</usr/local/texlive/2016basic/texmf-dist/fonts/type1/public/amsfonts/cm/cmbx1
0.pfb></usr/local/texlive/2016basic/texmf-dist/fonts/type1/public/amsfonts/cm/c
mbx12.pfb></usr/local/texlive/2016basic/texmf-dist/fonts/type1/public/amsfonts/
cm/cmbx9.pfb></usr/local/texlive/2016basic/texmf-dist/fonts/type1/public/amsfon
ts/cm/cmmi10.pfb></usr/local/texlive/2016basic/texmf-dist/fonts/type1/public/am
sfonts/cm/cmmi7.pfb></usr/local/texlive/2016basic/texmf-dist/fonts/type1/public
/amsfonts/cm/cmr10.pfb></usr/local/texlive/2016basic/texmf-dist/fonts/type1/pub
lic/amsfonts/cm/cmr7.pfb></usr/local/texlive/2016basic/texmf-dist/fonts/type1/p
ublic/amsfonts/cm/cmsy10.pfb></usr/local/texlive/2016basic/texmf-dist/fonts/typ
e1/public/amsfonts/cm/cmtt10.pfb>
Output written on Example.pdf (11 pages, 142256 bytes).
PDF statistics:
 76 PDF objects out of 1000 (max. 8388607)
 53 compressed objects within 1 object stream
 0 named destinations out of 1000 (max. 500000)
 1 words of extra memory for PDF output out of 10000 (max. 10000000)

